TN:
SF:src\types.ts
FN:1,(anonymous_0)
FN:14,(anonymous_1)
FNF:2
FNH:2
FNDA:1,(anonymous_0)
FNDA:1,(anonymous_1)
DA:1,1
DA:2,1
DA:3,1
DA:14,1
DA:15,1
DA:16,1
LF:6
LH:6
BRDA:1,0,0,1
BRDA:1,0,1,1
BRDA:14,1,0,1
BRDA:14,1,1,1
BRF:4
BRH:4
end_of_record
TN:
SF:src\api\modules\encript\encrypt.service.ts
FN:7,(anonymous_13)
FN:7,(anonymous_14)
FN:15,(anonymous_15)
FN:15,(anonymous_16)
FN:27,(anonymous_17)
FN:27,(anonymous_18)
FN:40,encriptarValor
FN:55,desencriptarValor
FN:68,decryptValue
FNF:9
FNH:8
FNDA:1,(anonymous_13)
FNDA:1,(anonymous_14)
FNDA:2,(anonymous_15)
FNDA:2,(anonymous_16)
FNDA:2,(anonymous_17)
FNDA:2,(anonymous_18)
FNDA:2,encriptarValor
FNDA:2,desencriptarValor
FNDA:0,decryptValue
DA:1,1
DA:2,1
DA:7,1
DA:8,1
DA:9,1
DA:11,1
DA:12,1
DA:15,2
DA:16,2
DA:17,1
DA:20,2
DA:22,2
DA:27,2
DA:28,2
DA:29,0
DA:32,2
DA:34,2
DA:40,1
DA:41,2
DA:42,2
DA:43,2
DA:44,2
DA:51,2
DA:55,1
DA:56,2
DA:57,2
DA:58,2
DA:65,2
DA:68,1
DA:69,0
DA:71,0
DA:73,0
DA:75,0
DA:77,0
LF:34
LH:28
BRDA:16,0,0,1
BRDA:28,1,0,0
BRF:2
BRH:1
end_of_record
TN:
SF:src\validators\newForm.validator.ts
FN:3,(anonymous_0)
FN:10,(anonymous_1)
FN:17,(anonymous_2)
FN:24,(anonymous_3)
FN:28,(anonymous_4)
FN:32,(anonymous_5)
FN:36,(anonymous_6)
FN:46,(anonymous_7)
FN:53,(anonymous_8)
FNF:9
FNH:7
FNDA:3,(anonymous_0)
FNDA:3,(anonymous_1)
FNDA:3,(anonymous_2)
FNDA:11,(anonymous_3)
FNDA:7,(anonymous_4)
FNDA:5,(anonymous_5)
FNDA:3,(anonymous_6)
FNDA:0,(anonymous_7)
FNDA:0,(anonymous_8)
DA:1,1
DA:3,1
DA:4,3
DA:5,2
DA:7,1
DA:10,1
DA:11,3
DA:12,2
DA:14,1
DA:17,1
DA:18,3
DA:19,2
DA:21,1
DA:24,1
DA:25,11
DA:28,1
DA:29,7
DA:32,1
DA:33,5
DA:36,1
DA:37,3
DA:38,1
DA:40,2
DA:41,1
DA:43,1
DA:46,1
DA:47,0
DA:50,0
DA:53,1
DA:54,0
DA:59,0
LF:31
LH:27
BRDA:4,0,0,2
BRDA:4,1,0,3
BRDA:4,1,1,3
BRDA:4,1,2,1
BRDA:11,2,0,2
BRDA:11,3,0,3
BRDA:11,3,1,2
BRDA:18,4,0,2
BRDA:18,5,0,3
BRDA:18,5,1,2
BRDA:37,6,0,1
BRDA:40,7,0,1
BRF:12
BRH:12
end_of_record
